<?xml version="1.0" encoding="utf-8"?><testsuites name="pytest tests"><testsuite name="pytest" errors="0" failures="0" skipped="0" tests="39" time="79.203" timestamp="2026-07-13T07:39:31.223957+00:00" hostname="agent-env-3b15dfb5-5034-4cd4-9b4d-a17d008a64b0"><testcase classname="tests.backend_test" name="test_health" time="0.147" /><testcase classname="tests.backend_test.TestAuth" name="test_provider_signup" time="0.487" /><testcase classname="tests.backend_test.TestAuth" name="test_signup_duplicate_email_400" time="0.092" /><testcase classname="tests.backend_test.TestAuth" name="test_login_provider_ok" time="0.316" /><testcase classname="tests.backend_test.TestAuth" name="test_login_wrong_password_401" time="0.327" /><testcase classname="tests.backend_test.TestAuth" name="test_me_endpoint" time="0.092" /><testcase classname="tests.backend_test.TestAuth" name="test_google_login_invalid_token_401" time="0.141" /><testcase classname="tests.backend_test.TestProvider" name="test_get_me_provider" time="0.098" /><testcase classname="tests.backend_test.TestProvider" name="test_patch_me_provider" time="0.092" /><testcase classname="tests.backend_test.TestCustomers" name="test_create_customer_inherits_price" time="0.207" /><testcase classname="tests.backend_test.TestCustomers" name="test_list_customers" time="0.095" /><testcase classname="tests.backend_test.TestCustomers" name="test_get_customer" time="0.095" /><testcase classname="tests.backend_test.TestCustomers" name="test_patch_customer" time="0.106" /><testcase classname="tests.backend_test.TestCustomers" name="test_pause_and_resume" time="0.215" /><testcase classname="tests.backend_test.TestDeliveries" name="test_generate_today_idempotent" time="0.178" /><testcase classname="tests.backend_test.TestDeliveries" name="test_mark_delivered_and_outstanding" time="0.193" /><testcase classname="tests.backend_test.TestConsumer" name="test_signup_invalid_code_404" time="0.091" /><testcase classname="tests.backend_test.TestConsumer" name="test_login_consumer" time="0.653" /><testcase classname="tests.backend_test.TestConsumer" name="test_consumer_me" time="0.094" /><testcase classname="tests.backend_test.TestConsumer" name="test_consumer_deliveries_pending_approval_no_gen" time="0.112" /><testcase classname="tests.backend_test.TestConsumer" name="test_consumer_cancel_cutoff" time="0.444" /><testcase classname="tests.backend_test.TestConsumer" name="test_consumer_payment_submit" time="0.096" /><testcase classname="tests.backend_test.TestConsumer" name="test_consumer_payment_with_screenshot_r2" time="0.890" /><testcase classname="tests.backend_test.TestPayments" name="test_list_pending" time="0.195" /><testcase classname="tests.backend_test.TestPayments" name="test_verify_reduces_outstanding" time="0.773" /><testcase classname="tests.backend_test.TestPayments" name="test_reject_payment" time="0.365" /><testcase classname="tests.backend_test.TestReports" name="test_dashboard_summary" time="0.136" /><testcase classname="tests.backend_test.TestReports" name="test_daily_deliveries" time="0.097" /><testcase classname="tests.backend_test.TestReports" name="test_outstanding" time="0.090" /><testcase classname="tests.backend_test.TestReports" name="test_collections" time="0.110" /><testcase classname="tests.backend_test.TestReports" name="test_active_customers" time="0.094" /><testcase classname="tests.backend_test.TestReports" name="test_area_summary" time="0.094" /><testcase classname="tests.backend_test.TestTenantIsolation" name="test_provider_b_sees_no_a_data" time="0.761" /><testcase classname="tests.backend_test.TestTenantIsolation" name="test_provider_b_cannot_access_a_customer" time="0.097" /><testcase classname="tests.backend_test.TestSubscriptions" name="test_new_provider_is_trialing" time="0.560" /><testcase classname="tests.backend_test.TestSubscriptions" name="test_subscription_endpoint_lists_plans" time="0.094" /><testcase classname="tests.backend_test.TestSubscriptions" name="test_activate_invalid_plan_400" time="0.096" /><testcase classname="tests.backend_test.TestSubscriptions" name="test_activate_monthly_then_quarterly_extends" time="0.188" /><testcase classname="tests.backend_test.TestSubscriptions" name="test_expired_provider_gates_writes_and_consumer_login" time="70.077" /></testsuite></testsuites>